# JRE version: Java(TM) SE Runtime Environment (8.0_77-b03) (build 1.8.0_77-b03)
# Java VM: Java HotSpot(TM) 64-Bit Server VM (25.77-b03 mixed mode linux-amd64 compressed oops)
Heap:
 PSYoungGen      total 176640K, used 99466K [0x00000000eab00000, 0x00000000f6800000, 0x0000000100000000)
  eden space 160768K, 61% used [0x00000000eab00000,0x00000000f0c22aa8,0x00000000f4800000)
  from space 15872K, 0% used [0x00000000f5880000,0x00000000f5880000,0x00000000f6800000)
  to   space 16384K, 0% used [0x00000000f4800000,0x00000000f4800000,0x00000000f5800000)
 ParOldGen       total 419840K, used 77490K [0x00000000c0000000, 0x00000000d9a00000, 0x00000000eab00000)
  object space 419840K, 18% used [0x00000000c0000000,0x00000000c4bac920,0x00000000d9a00000)
 Metaspace       used 119556K, capacity 130692K, committed 131080K, reserved 1163264K
  class space    used 14443K, capacity 17870K, committed 18020K, reserved 1048576K
GC Heap History (10 events):
Event: 5946.311 GC heap before
{Heap before GC invocations=53 (full 4):
 PSYoungGen      total 182272K, used 174916K [0x00000000eab00000, 0x00000000f7080000, 0x0000000100000000)
  eden space 168448K, 100% used [0x00000000eab00000,0x00000000f4f80000,0x00000000f4f80000)
  from space 13824K, 46% used [0x00000000f6300000,0x00000000f69512b8,0x00000000f7080000)
  to   space 16896K, 0% used [0x00000000f4f80000,0x00000000f4f80000,0x00000000f6000000)
 ParOldGen       total 419840K, used 100723K [0x00000000c0000000, 0x00000000d9a00000, 0x00000000eab00000)
  object space 419840K, 23% used [0x00000000c0000000,0x00000000c625cde0,0x00000000d9a00000)
 Metaspace       used 119131K, capacity 130364K, committed 130696K, reserved 1163264K
  class space    used 14431K, capacity 17830K, committed 17892K, reserved 1048576K
Event: 5946.320 GC heap after
Heap after GC invocations=53 (full 4):
 PSYoungGen      total 172544K, used 6196K [0x00000000eab00000, 0x00000000f6e00000, 0x0000000100000000)
  eden space 165888K, 0% used [0x00000000eab00000,0x00000000eab00000,0x00000000f4d00000)
  from space 6656K, 93% used [0x00000000f4f80000,0x00000000f558d170,0x00000000f5600000)
  to   space 16896K, 0% used [0x00000000f5d80000,0x00000000f5d80000,0x00000000f6e00000)
 ParOldGen       total 419840K, used 101922K [0x00000000c0000000, 0x00000000d9a00000, 0x00000000eab00000)
  object space 419840K, 24% used [0x00000000c0000000,0x00000000c6388870,0x00000000d9a00000)
 Metaspace       used 119131K, capacity 130364K, committed 130696K, reserved 1163264K
  class space    used 14431K, capacity 17830K, committed 17892K, reserved 1048576K
}
Event: 6092.589 GC heap before
{Heap before GC invocations=54 (full 4):
 PSYoungGen      total 172544K, used 172084K [0x00000000eab00000, 0x00000000f6e00000, 0x0000000100000000)
  eden space 165888K, 100% used [0x00000000eab00000,0x00000000f4d00000,0x00000000f4d00000)
  from space 6656K, 93% used [0x00000000f4f80000,0x00000000f558d170,0x00000000f5600000)
  to   space 16896K, 0% used [0x00000000f5d80000,0x00000000f5d80000,0x00000000f6e00000)
 ParOldGen       total 419840K, used 101922K [0x00000000c0000000, 0x00000000d9a00000, 0x00000000eab00000)
  object space 419840K, 24% used [0x00000000c0000000,0x00000000c6388870,0x00000000d9a00000)
 Metaspace       used 119176K, capacity 130396K, committed 130696K, reserved 1163264K
  class space    used 14434K, capacity 17862K, committed 17892K, reserved 1048576K
Event: 6092.597 GC heap after
Heap after GC invocations=54 (full 4):
 PSYoungGen      total 177664K, used 3480K [0x00000000eab00000, 0x00000000f6b80000, 0x0000000100000000)
  eden space 163328K, 0% used [0x00000000eab00000,0x00000000eab00000,0x00000000f4a80000)
  from space 14336K, 24% used [0x00000000f5d80000,0x00000000f60e6010,0x00000000f6b80000)
  to   space 16896K, 0% used [0x00000000f4a80000,0x00000000f4a80000,0x00000000f5b00000)
 ParOldGen       total 419840K, used 104635K [0x00000000c0000000, 0x00000000d9a00000, 0x00000000eab00000)
  object space 419840K, 24% used [0x00000000c0000000,0x00000000c662ec40,0x00000000d9a00000)
 Metaspace       used 119176K, capacity 130396K, committed 130696K, reserved 1163264K
  class space    used 14434K, capacity 17862K, committed 17892K, reserved 1048576K
}
Event: 6130.405 GC heap before
{Heap before GC invocations=55 (full 4):
 PSYoungGen      total 177664K, used 166808K [0x00000000eab00000, 0x00000000f6b80000, 0x0000000100000000)
  eden space 163328K, 100% used [0x00000000eab00000,0x00000000f4a80000,0x00000000f4a80000)
  from space 14336K, 24% used [0x00000000f5d80000,0x00000000f60e6010,0x00000000f6b80000)
  to   space 16896K, 0% used [0x00000000f4a80000,0x00000000f4a80000,0x00000000f5b00000)
 ParOldGen       total 419840K, used 104635K [0x00000000c0000000, 0x00000000d9a00000, 0x00000000eab00000)
  object space 419840K, 24% used [0x00000000c0000000,0x00000000c662ec40,0x00000000d9a00000)
 Metaspace       used 119508K, capacity 130752K, committed 131080K, reserved 1163264K
  class space    used 14455K, capacity 17894K, committed 18020K, reserved 1048576K
Event: 6130.413 GC heap after
Heap after GC invocations=55 (full 4):
 PSYoungGen      total 164864K, used 3676K [0x00000000eab00000, 0x00000000f6900000, 0x0000000100000000)
  eden space 160768K, 0% used [0x00000000eab00000,0x00000000eab00000,0x00000000f4800000)
  from space 4096K, 89% used [0x00000000f4a80000,0x00000000f4e17380,0x00000000f4e80000)
  to   space 16896K, 0% used [0x00000000f5880000,0x00000000f5880000,0x00000000f6900000)
 ParOldGen       total 419840K, used 104667K [0x00000000c0000000, 0x00000000d9a00000, 0x00000000eab00000)
  object space 419840K, 24% used [0x00000000c0000000,0x00000000c6636c40,0x00000000d9a00000)
 Metaspace       used 119508K, capacity 130752K, committed 131080K, reserved 1163264K
  class space    used 14455K, capacity 17894K, committed 18020K, reserved 1048576K
}
Event: 6134.359 GC heap before
{Heap before GC invocations=56 (full 4):
 PSYoungGen      total 164864K, used 20968K [0x00000000eab00000, 0x00000000f6900000, 0x0000000100000000)
  eden space 160768K, 10% used [0x00000000eab00000,0x00000000ebbe3070,0x00000000f4800000)
  from space 4096K, 89% used [0x00000000f4a80000,0x00000000f4e17380,0x00000000f4e80000)
  to   space 16896K, 0% used [0x00000000f5880000,0x00000000f5880000,0x00000000f6900000)
 ParOldGen       total 419840K, used 104667K [0x00000000c0000000, 0x00000000d9a00000, 0x00000000eab00000)
  object space 419840K, 24% used [0x00000000c0000000,0x00000000c6636c40,0x00000000d9a00000)
 Metaspace       used 119525K, capacity 130770K, committed 131080K, reserved 1163264K
  class space    used 14457K, capacity 17897K, committed 18020K, reserved 1048576K
Event: 6134.367 GC heap after
Heap after GC invocations=56 (full 4):
 PSYoungGen      total 176640K, used 3512K [0x00000000eab00000, 0x00000000f6800000, 0x0000000100000000)
  eden space 160768K, 0% used [0x00000000eab00000,0x00000000eab00000,0x00000000f4800000)
  from space 15872K, 22% used [0x00000000f5880000,0x00000000f5bee0b0,0x00000000f6800000)
  to   space 16384K, 0% used [0x00000000f4800000,0x00000000f4800000,0x00000000f5800000)
 ParOldGen       total 419840K, used 104778K [0x00000000c0000000, 0x00000000d9a00000, 0x00000000eab00000)
  object space 419840K, 24% used [0x00000000c0000000,0x00000000c6652ab0,0x00000000d9a00000)
 Metaspace       used 119525K, capacity 130770K, committed 131080K, reserved 1163264K
  class space    used 14457K, capacity 17897K, committed 18020K, reserved 1048576K
}
Event: 6134.367 GC heap before
{Heap before GC invocations=57 (full 5):
 PSYoungGen      total 176640K, used 3512K [0x00000000eab00000, 0x00000000f6800000, 0x0000000100000000)
  eden space 160768K, 0% used [0x00000000eab00000,0x00000000eab00000,0x00000000f4800000)
  from space 15872K, 22% used [0x00000000f5880000,0x00000000f5bee0b0,0x00000000f6800000)
  to   space 16384K, 0% used [0x00000000f4800000,0x00000000f4800000,0x00000000f5800000)
 ParOldGen       total 419840K, used 104778K [0x00000000c0000000, 0x00000000d9a00000, 0x00000000eab00000)
  object space 419840K, 24% used [0x00000000c0000000,0x00000000c6652ab0,0x00000000d9a00000)
 Metaspace       used 119525K, capacity 130770K, committed 131080K, reserved 1163264K
  class space    used 14457K, capacity 17897K, committed 18020K, reserved 1048576K
Event: 6134.747 GC heap after
Heap after GC invocations=57 (full 5):
 PSYoungGen      total 176640K, used 0K [0x00000000eab00000, 0x00000000f6800000, 0x0000000100000000)
  eden space 160768K, 0% used [0x00000000eab00000,0x00000000eab00000,0x00000000f4800000)
  from space 15872K, 0% used [0x00000000f5880000,0x00000000f5880000,0x00000000f6800000)
  to   space 16384K, 0% used [0x00000000f4800000,0x00000000f4800000,0x00000000f5800000)
 ParOldGen       total 419840K, used 77490K [0x00000000c0000000, 0x00000000d9a00000, 0x00000000eab00000)
  object space 419840K, 18% used [0x00000000c0000000,0x00000000c4bac920,0x00000000d9a00000)
 Metaspace       used 119444K, capacity 130628K, committed 131080K, reserved 1163264K
  class space    used 14442K, capacity 17870K, committed 18020K, reserved 1048576K
}

